F4EF .START phpCAS-1.3.2 ****************** [CAS.php:450]
F4EF .=> phpCAS::client('2.0', 'sso.ui.ac.id', 443, 'cas') [SiteController.php:88]
F4EF .|    => CAS_Client::__construct('2.0', false, 'sso.ui.ac.id', 443, 'cas', true) [CAS.php:347]
F4EF .|    |    Starting a new session [Client.php:792]
F4EF .|    <= ''
F4EF .<= ''
F4EF .=> phpCAS::setNoCasServerValidation() [SiteController.php:89]
F4EF .|    You have configured no validation of the legitimacy of the cas server. This is not recommended for production use. [CAS.php:1669]
F4EF .<= ''
F4EF .=> phpCAS::forceAuthentication() [SiteController.php:90]
F4EF .|    => CAS_Client::forceAuthentication() [CAS.php:1101]
F4EF .|    |    => CAS_Client::isAuthenticated() [Client.php:1083]
F4EF .|    |    |    => CAS_Client::_wasPreviouslyAuthenticated() [Client.php:1189]
F4EF .|    |    |    |    no user found [Client.php:1375]
F4EF .|    |    |    <= false
F4EF .|    |    |    no ticket found [Client.php:1258]
F4EF .|    |    <= false
F4EF .|    |    => CAS_Client::redirectToCas(false) [Client.php:1092]
F4EF .|    |    |    => CAS_Client::getServerLoginURL(false, false) [Client.php:1396]
F4EF .|    |    |    |    => CAS_Client::getURL() [Client.php:328]
F4EF .|    |    |    |    |    Final URI: http://localhost/berkuliah/index-frontend.php?r=site/login [Client.php:3071]
F4EF .|    |    |    |    <= 'http://localhost/berkuliah/index-frontend.php?r=site/login'
F4EF .|    |    |    <= 'https://sso.ui.ac.id/cas/login?service=http%3A%2F%2Flocalhost%2Fberkuliah%2Findex-frontend.php%3Fr%3Dsite%2Flogin'
F4EF .|    |    |    Redirect to : https://sso.ui.ac.id/cas/login?service=http%3A%2F%2Flocalhost%2Fberkuliah%2Findex-frontend.php%3Fr%3Dsite%2Flogin [Client.php:1402]
F4EF .|    |    |    exit()
F4EF .|    |    |    -
F4EF .|    |    -
F4EF .|    -
7AF6 .START phpCAS-1.3.2 ****************** [CAS.php:450]
7AF6 .=> phpCAS::client('2.0', 'sso.ui.ac.id', 443, 'cas') [SiteController.php:88]
7AF6 .|    => CAS_Client::__construct('2.0', false, 'sso.ui.ac.id', 443, 'cas', true) [CAS.php:347]
7AF6 .|    |    Starting a new session [Client.php:792]
7AF6 .|    <= ''
7AF6 .<= ''
7AF6 .=> phpCAS::setNoCasServerValidation() [SiteController.php:89]
7AF6 .|    You have configured no validation of the legitimacy of the cas server. This is not recommended for production use. [CAS.php:1669]
7AF6 .<= ''
7AF6 .=> phpCAS::forceAuthentication() [SiteController.php:90]
7AF6 .|    => CAS_Client::forceAuthentication() [CAS.php:1101]
7AF6 .|    |    => CAS_Client::isAuthenticated() [Client.php:1083]
7AF6 .|    |    |    => CAS_Client::_wasPreviouslyAuthenticated() [Client.php:1189]
7AF6 .|    |    |    |    no user found [Client.php:1375]
7AF6 .|    |    |    <= false
7AF6 .|    |    |    no ticket found [Client.php:1258]
7AF6 .|    |    <= false
7AF6 .|    |    => CAS_Client::redirectToCas(false) [Client.php:1092]
7AF6 .|    |    |    => CAS_Client::getServerLoginURL(false, false) [Client.php:1396]
7AF6 .|    |    |    |    => CAS_Client::getURL() [Client.php:328]
7AF6 .|    |    |    |    |    Final URI: http://localhost/berkuliah/index-frontend.php?r=site/login [Client.php:3071]
7AF6 .|    |    |    |    <= 'http://localhost/berkuliah/index-frontend.php?r=site/login'
7AF6 .|    |    |    <= 'https://sso.ui.ac.id/cas/login?service=http%3A%2F%2Flocalhost%2Fberkuliah%2Findex-frontend.php%3Fr%3Dsite%2Flogin'
7AF6 .|    |    |    Redirect to : https://sso.ui.ac.id/cas/login?service=http%3A%2F%2Flocalhost%2Fberkuliah%2Findex-frontend.php%3Fr%3Dsite%2Flogin [Client.php:1402]
7AF6 .|    |    |    exit()
7AF6 .|    |    |    -
7AF6 .|    |    -
7AF6 .|    -
